Exception at PC 0x00007FF99C314F69
Exception at PC 0x00007FF99C314F69
Unable to capture context for thread 7864 in process 21168, can not generate back trace
Unable to capture context for thread 12848 in process 21168, can not generate back trace
Unable to capture context for thread 8580 in process 21168, can not generate back trace
Exception at PC 0x00007FF99C314F69
Unable to capture context for thread 7864 in process 21168, can not generate back trace
Unable to capture context for thread 8580 in process 21168, can not generate back trace
Exception at PC 0x00007FF8FFC8BB93
Printing stacktrace...

Exception at PC 0x00007FF99C314F69
Exception at PC 0x00007FF99C314F69
Exception at PC 0x00007FF99C314F69
Exception at PC 0x00007FF99C314F69
Exception at PC 0x00007FF99C314F69
Exception at PC 0x00007FF99C314F69
Exception at PC 0x00007FF99C314F69
Exception at PC 0x00007FF99C314F69
Exception at PC 0x00007FF99C314F69
[0]  [0x00007FF8FFC8BB93]
[1]  [0x00007FF8FFC8BB93]
[2]  [0x00007FF8FFC8B4A1]
[3]  [0x00007FF8FFC8B3EF]
[4]  [0x00007FF8FFC719FE]
[5]  [0x00007FF8FFC70ED1]
[6]  [0x00007FF8FFC70D76]
[7]  [0x00007FF8FFC179F6]
[8]  [0x00007FF8FFC07AFB]
[9]  [0x00007FF8FFD2E90A]
[10]  [0x00007FF8FFD49F87]
[11]  [0x00007FF8FFD4A05F]
[12] (BaseThreadInitThunk+0x14) [0x00007FF99E867034]
[13] (RtlUserThreadStart+0x21) [0x00007FF99EC22651]
Done
Exception at PC 0x00007FF99C314F69
Exception at PC 0x00007FF99C314F69
Exception at PC 0x00007FF99C314F69
Exception at PC 0x00007FF99C314F69
Exception at PC 0x00007FF99C314F69
Exception at PC 0x00007FF99C314F69
Exception at PC 0x00007FF99C314F69
Exception at PC 0x00007FF99C314F69
Exception at PC 0x00007FF99C314F69
Exception at PC 0x00007FF99C314F69
